<?xml version="1.0" encoding="UTF-8"?>
<!-- Generated by org.testng.reporters.JUnitReportReporter -->
<testsuite hostname="SakshiBhavsar" failures="0" tests="3" name="RABasic.DynamicJson" time="4.842" errors="0" timestamp="2023-09-05T21:16:09 IST" skipped="0">
  <testcase classname="RABasic.DynamicJson" name="addBook" time="4.422"/>
  <system-out/>
  <testcase classname="RABasic.DynamicJson" name="addBook" time="0.208"/>
  <system-out/>
  <testcase classname="RABasic.DynamicJson" name="addBook" time="0.212"/>
  <system-out/>
</testsuite> <!-- RABasic.DynamicJson -->
