<?xml version="1.0" encoding="UTF-8"?>
<!-- Generated by org.testng.reporters.JUnitReportReporter -->
<testsuite hostname="SakshiBhavsar" failures="0" tests="1" name="RABasic.SumValidation" time="2.990" errors="0" timestamp="2023-08-05T13:00:24 IST" skipped="0">
  <testcase classname="RABasic.SumValidation" name="SumOfAllCoursesPrice" time="2.990"/>
  <system-out/>
</testsuite> <!-- RABasic.SumValidation -->
